  main.cpp
  SceneManager.cpp
Box2D.lib(b2World.obj) : error LNK2038: não correspondência detectada para '_ITERATOR_DEBUG_LEVEL': valor '2' não corresponde ao valor '0' no main.obj
Box2D.lib(b2World.obj) : error LNK2038: não correspondência detectada para 'RuntimeLibrary': valor 'MDd_DynamicDebug' não corresponde ao valor 'MD_DynamicRelease' no main.obj
Box2D.lib(b2PolygonShape.obj) : error LNK2038: não correspondência detectada para '_ITERATOR_DEBUG_LEVEL': valor '2' não corresponde ao valor '0' no main.obj
Box2D.lib(b2PolygonShape.obj) : error LNK2038: não correspondência detectada para 'RuntimeLibrary': valor 'MDd_DynamicDebug' não corresponde ao valor 'MD_DynamicRelease' no main.obj
Box2D.lib(b2Body.obj) : error LNK2038: não correspondência detectada para '_ITERATOR_DEBUG_LEVEL': valor '2' não corresponde ao valor '0' no main.obj
Box2D.lib(b2Body.obj) : error LNK2038: não correspondência detectada para 'RuntimeLibrary': valor 'MDd_DynamicDebug' não corresponde ao valor 'MD_DynamicRelease' no main.obj
Box2D.lib(b2BroadPhase.obj) : error LNK2038: não correspondência detectada para '_ITERATOR_DEBUG_LEVEL': valor '2' não corresponde ao valor '0' no main.obj
Box2D.lib(b2BroadPhase.obj) : error LNK2038: não correspondência detectada para 'RuntimeLibrary': valor 'MDd_DynamicDebug' não corresponde ao valor 'MD_DynamicRelease' no main.obj
Box2D.lib(b2ContactManager.obj) : error LNK2038: não correspondência detectada para '_ITERATOR_DEBUG_LEVEL': valor '2' não corresponde ao valor '0' no main.obj
Box2D.lib(b2ContactManager.obj) : error LNK2038: não correspondência detectada para 'RuntimeLibrary': valor 'MDd_DynamicDebug' não corresponde ao valor 'MD_DynamicRelease' no main.obj
Box2D.lib(b2Fixture.obj) : error LNK2038: não correspondência detectada para '_ITERATOR_DEBUG_LEVEL': valor '2' não corresponde ao valor '0' no main.obj
Box2D.lib(b2Fixture.obj) : error LNK2038: não correspondência detectada para 'RuntimeLibrary': valor 'MDd_DynamicDebug' não corresponde ao valor 'MD_DynamicRelease' no main.obj
Box2D.lib(b2Island.obj) : error LNK2038: não correspondência detectada para '_ITERATOR_DEBUG_LEVEL': valor '2' não corresponde ao valor '0' no main.obj
Box2D.lib(b2Island.obj) : error LNK2038: não correspondência detectada para 'RuntimeLibrary': valor 'MDd_DynamicDebug' não corresponde ao valor 'MD_DynamicRelease' no main.obj
Box2D.lib(b2Joint.obj) : error LNK2038: não correspondência detectada para '_ITERATOR_DEBUG_LEVEL': valor '2' não corresponde ao valor '0' no main.obj
Box2D.lib(b2Joint.obj) : error LNK2038: não correspondência detectada para 'RuntimeLibrary': valor 'MDd_DynamicDebug' não corresponde ao valor 'MD_DynamicRelease' no main.obj
Box2D.lib(b2PulleyJoint.obj) : error LNK2038: não correspondência detectada para '_ITERATOR_DEBUG_LEVEL': valor '2' não corresponde ao valor '0' no main.obj
Box2D.lib(b2PulleyJoint.obj) : error LNK2038: não correspondência detectada para 'RuntimeLibrary': valor 'MDd_DynamicDebug' não corresponde ao valor 'MD_DynamicRelease' no main.obj
Box2D.lib(b2Contact.obj) : error LNK2038: não correspondência detectada para '_ITERATOR_DEBUG_LEVEL': valor '2' não corresponde ao valor '0' no main.obj
Box2D.lib(b2Contact.obj) : error LNK2038: não correspondência detectada para 'RuntimeLibrary': valor 'MDd_DynamicDebug' não corresponde ao valor 'MD_DynamicRelease' no main.obj
Box2D.lib(b2WorldCallbacks.obj) : error LNK2038: não correspondência detectada para '_ITERATOR_DEBUG_LEVEL': valor '2' não corresponde ao valor '0' no main.obj
Box2D.lib(b2WorldCallbacks.obj) : error LNK2038: não correspondência detectada para 'RuntimeLibrary': valor 'MDd_DynamicDebug' não corresponde ao valor 'MD_DynamicRelease' no main.obj
Box2D.lib(b2ContactSolver.obj) : error LNK2038: não correspondência detectada para '_ITERATOR_DEBUG_LEVEL': valor '2' não corresponde ao valor '0' no main.obj
Box2D.lib(b2ContactSolver.obj) : error LNK2038: não correspondência detectada para 'RuntimeLibrary': valor 'MDd_DynamicDebug' não corresponde ao valor 'MD_DynamicRelease' no main.obj
Box2D.lib(b2DistanceJoint.obj) : error LNK2038: não correspondência detectada para '_ITERATOR_DEBUG_LEVEL': valor '2' não corresponde ao valor '0' no main.obj
Box2D.lib(b2DistanceJoint.obj) : error LNK2038: não correspondência detectada para 'RuntimeLibrary': valor 'MDd_DynamicDebug' não corresponde ao valor 'MD_DynamicRelease' no main.obj
Box2D.lib(b2WheelJoint.obj) : error LNK2038: não correspondência detectada para '_ITERATOR_DEBUG_LEVEL': valor '2' não corresponde ao valor '0' no main.obj
Box2D.lib(b2WheelJoint.obj) : error LNK2038: não correspondência detectada para 'RuntimeLibrary': valor 'MDd_DynamicDebug' não corresponde ao valor 'MD_DynamicRelease' no main.obj
Box2D.lib(b2MouseJoint.obj) : error LNK2038: não correspondência detectada para '_ITERATOR_DEBUG_LEVEL': valor '2' não corresponde ao valor '0' no main.obj
Box2D.lib(b2MouseJoint.obj) : error LNK2038: não correspondência detectada para 'RuntimeLibrary': valor 'MDd_DynamicDebug' não corresponde ao valor 'MD_DynamicRelease' no main.obj
Box2D.lib(b2RevoluteJoint.obj) : error LNK2038: não correspondência detectada para '_ITERATOR_DEBUG_LEVEL': valor '2' não corresponde ao valor '0' no main.obj
Box2D.lib(b2RevoluteJoint.obj) : error LNK2038: não correspondência detectada para 'RuntimeLibrary': valor 'MDd_DynamicDebug' não corresponde ao valor 'MD_DynamicRelease' no main.obj
Box2D.lib(b2PrismaticJoint.obj) : error LNK2038: não correspondência detectada para '_ITERATOR_DEBUG_LEVEL': valor '2' não corresponde ao valor '0' no main.obj
Box2D.lib(b2PrismaticJoint.obj) : error LNK2038: não correspondência detectada para 'RuntimeLibrary': valor 'MDd_DynamicDebug' não corresponde ao valor 'MD_DynamicRelease' no main.obj
Box2D.lib(b2GearJoint.obj) : error LNK2038: não correspondência detectada para '_ITERATOR_DEBUG_LEVEL': valor '2' não corresponde ao valor '0' no main.obj
Box2D.lib(b2GearJoint.obj) : error LNK2038: não correspondência detectada para 'RuntimeLibrary': valor 'MDd_DynamicDebug' não corresponde ao valor 'MD_DynamicRelease' no main.obj
Box2D.lib(b2WeldJoint.obj) : error LNK2038: não correspondência detectada para '_ITERATOR_DEBUG_LEVEL': valor '2' não corresponde ao valor '0' no main.obj
Box2D.lib(b2WeldJoint.obj) : error LNK2038: não correspondência detectada para 'RuntimeLibrary': valor 'MDd_DynamicDebug' não corresponde ao valor 'MD_DynamicRelease' no main.obj
Box2D.lib(b2FrictionJoint.obj) : error LNK2038: não correspondência detectada para '_ITERATOR_DEBUG_LEVEL': valor '2' não corresponde ao valor '0' no main.obj
Box2D.lib(b2FrictionJoint.obj) : error LNK2038: não correspondência detectada para 'RuntimeLibrary': valor 'MDd_DynamicDebug' não corresponde ao valor 'MD_DynamicRelease' no main.obj
Box2D.lib(b2RopeJoint.obj) : error LNK2038: não correspondência detectada para '_ITERATOR_DEBUG_LEVEL': valor '2' não corresponde ao valor '0' no main.obj
Box2D.lib(b2RopeJoint.obj) : error LNK2038: não correspondência detectada para 'RuntimeLibrary': valor 'MDd_DynamicDebug' não corresponde ao valor 'MD_DynamicRelease' no main.obj
Box2D.lib(b2MotorJoint.obj) : error LNK2038: não correspondência detectada para '_ITERATOR_DEBUG_LEVEL': valor '2' não corresponde ao valor '0' no main.obj
Box2D.lib(b2MotorJoint.obj) : error LNK2038: não correspondência detectada para 'RuntimeLibrary': valor 'MDd_DynamicDebug' não corresponde ao valor 'MD_DynamicRelease' no main.obj
Box2D.lib(b2CircleContact.obj) : error LNK2038: não correspondência detectada para '_ITERATOR_DEBUG_LEVEL': valor '2' não corresponde ao valor '0' no main.obj
Box2D.lib(b2CircleContact.obj) : error LNK2038: não correspondência detectada para 'RuntimeLibrary': valor 'MDd_DynamicDebug' não corresponde ao valor 'MD_DynamicRelease' no main.obj
Box2D.lib(b2PolygonAndCircleContact.obj) : error LNK2038: não correspondência detectada para '_ITERATOR_DEBUG_LEVEL': valor '2' não corresponde ao valor '0' no main.obj
Box2D.lib(b2PolygonAndCircleContact.obj) : error LNK2038: não correspondência detectada para 'RuntimeLibrary': valor 'MDd_DynamicDebug' não corresponde ao valor 'MD_DynamicRelease' no main.obj
Box2D.lib(b2PolygonContact.obj) : error LNK2038: não correspondência detectada para '_ITERATOR_DEBUG_LEVEL': valor '2' não corresponde ao valor '0' no main.obj
Box2D.lib(b2PolygonContact.obj) : error LNK2038: não correspondência detectada para 'RuntimeLibrary': valor 'MDd_DynamicDebug' não corresponde ao valor 'MD_DynamicRelease' no main.obj
Box2D.lib(b2EdgeAndCircleContact.obj) : error LNK2038: não correspondência detectada para '_ITERATOR_DEBUG_LEVEL': valor '2' não corresponde ao valor '0' no main.obj
Box2D.lib(b2EdgeAndCircleContact.obj) : error LNK2038: não correspondência detectada para 'RuntimeLibrary': valor 'MDd_DynamicDebug' não corresponde ao valor 'MD_DynamicRelease' no main.obj
Box2D.lib(b2EdgeAndPolygonContact.obj) : error LNK2038: não correspondência detectada para '_ITERATOR_DEBUG_LEVEL': valor '2' não corresponde ao valor '0' no main.obj
Box2D.lib(b2EdgeAndPolygonContact.obj) : error LNK2038: não correspondência detectada para 'RuntimeLibrary': valor 'MDd_DynamicDebug' não corresponde ao valor 'MD_DynamicRelease' no main.obj
Box2D.lib(b2ChainAndCircleContact.obj) : error LNK2038: não correspondência detectada para '_ITERATOR_DEBUG_LEVEL': valor '2' não corresponde ao valor '0' no main.obj
Box2D.lib(b2ChainAndCircleContact.obj) : error LNK2038: não correspondência detectada para 'RuntimeLibrary': valor 'MDd_DynamicDebug' não corresponde ao valor 'MD_DynamicRelease' no main.obj
Box2D.lib(b2ChainAndPolygonContact.obj) : error LNK2038: não correspondência detectada para '_ITERATOR_DEBUG_LEVEL': valor '2' não corresponde ao valor '0' no main.obj
Box2D.lib(b2ChainAndPolygonContact.obj) : error LNK2038: não correspondência detectada para 'RuntimeLibrary': valor 'MDd_DynamicDebug' não corresponde ao valor 'MD_DynamicRelease' no main.obj
Box2D.lib(b2ChainShape.obj) : error LNK2038: não correspondência detectada para '_ITERATOR_DEBUG_LEVEL': valor '2' não corresponde ao valor '0' no main.obj
Box2D.lib(b2ChainShape.obj) : error LNK2038: não correspondência detectada para 'RuntimeLibrary': valor 'MDd_DynamicDebug' não corresponde ao valor 'MD_DynamicRelease' no main.obj
Box2D.lib(b2EdgeShape.obj) : error LNK2038: não correspondência detectada para '_ITERATOR_DEBUG_LEVEL': valor '2' não corresponde ao valor '0' no main.obj
Box2D.lib(b2EdgeShape.obj) : error LNK2038: não correspondência detectada para 'RuntimeLibrary': valor 'MDd_DynamicDebug' não corresponde ao valor 'MD_DynamicRelease' no main.obj
LINK : warning LNK4098: defaultlib 'MSVCRTD' conflita com uso de outras bibliotecas; use /NODEFAULTLIB:library
C:\Users\jcstefanello\Downloads\MiniFruiter\Release\MiniFruiter.exe : fatal error LNK1319: 62 não correspondências detectadas
