  SceneManager.cpp
  main.cpp
  Gerando Código...
Box2D.lib(b2BroadPhase.obj) : warning LNK4099: PDB 'Box2D.pdb' nÒo foi encontrado 'Box2D.lib(b2BroadPhase.obj)' ou no 'D:\Projetos Jogos\MiniFruiter\MiniFruiter\Debug\Box2D.pdb'; vinculando objeto quando quando sem nenhuma informaþÒo de depuraþÒo
Box2D.lib(b2CollideCircle.obj) : warning LNK4099: PDB 'Box2D.pdb' nÒo foi encontrado 'Box2D.lib(b2CollideCircle.obj)' ou no 'D:\Projetos Jogos\MiniFruiter\MiniFruiter\Debug\Box2D.pdb'; vinculando objeto quando quando sem nenhuma informaþÒo de depuraþÒo
Box2D.lib(b2CollideEdge.obj) : warning LNK4099: PDB 'Box2D.pdb' nÒo foi encontrado 'Box2D.lib(b2CollideEdge.obj)' ou no 'D:\Projetos Jogos\MiniFruiter\MiniFruiter\Debug\Box2D.pdb'; vinculando objeto quando quando sem nenhuma informaþÒo de depuraþÒo
Box2D.lib(b2CollidePolygon.obj) : warning LNK4099: PDB 'Box2D.pdb' nÒo foi encontrado 'Box2D.lib(b2CollidePolygon.obj)' ou no 'D:\Projetos Jogos\MiniFruiter\MiniFruiter\Debug\Box2D.pdb'; vinculando objeto quando quando sem nenhuma informaþÒo de depuraþÒo
Box2D.lib(b2Collision.obj) : warning LNK4099: PDB 'Box2D.pdb' nÒo foi encontrado 'Box2D.lib(b2Collision.obj)' ou no 'D:\Projetos Jogos\MiniFruiter\MiniFruiter\Debug\Box2D.pdb'; vinculando objeto quando quando sem nenhuma informaþÒo de depuraþÒo
Box2D.lib(b2Distance.obj) : warning LNK4099: PDB 'Box2D.pdb' nÒo foi encontrado 'Box2D.lib(b2Distance.obj)' ou no 'D:\Projetos Jogos\MiniFruiter\MiniFruiter\Debug\Box2D.pdb'; vinculando objeto quando quando sem nenhuma informaþÒo de depuraþÒo
Box2D.lib(b2DynamicTree.obj) : warning LNK4099: PDB 'Box2D.pdb' nÒo foi encontrado 'Box2D.lib(b2DynamicTree.obj)' ou no 'D:\Projetos Jogos\MiniFruiter\MiniFruiter\Debug\Box2D.pdb'; vinculando objeto quando quando sem nenhuma informaþÒo de depuraþÒo
Box2D.lib(b2TimeOfImpact.obj) : warning LNK4099: PDB 'Box2D.pdb' nÒo foi encontrado 'Box2D.lib(b2TimeOfImpact.obj)' ou no 'D:\Projetos Jogos\MiniFruiter\MiniFruiter\Debug\Box2D.pdb'; vinculando objeto quando quando sem nenhuma informaþÒo de depuraþÒo
Box2D.lib(b2ChainShape.obj) : warning LNK4099: PDB 'Box2D.pdb' nÒo foi encontrado 'Box2D.lib(b2ChainShape.obj)' ou no 'D:\Projetos Jogos\MiniFruiter\MiniFruiter\Debug\Box2D.pdb'; vinculando objeto quando quando sem nenhuma informaþÒo de depuraþÒo
Box2D.lib(b2EdgeShape.obj) : warning LNK4099: PDB 'Box2D.pdb' nÒo foi encontrado 'Box2D.lib(b2EdgeShape.obj)' ou no 'D:\Projetos Jogos\MiniFruiter\MiniFruiter\Debug\Box2D.pdb'; vinculando objeto quando quando sem nenhuma informaþÒo de depuraþÒo
Box2D.lib(b2PolygonShape.obj) : warning LNK4099: PDB 'Box2D.pdb' nÒo foi encontrado 'Box2D.lib(b2PolygonShape.obj)' ou no 'D:\Projetos Jogos\MiniFruiter\MiniFruiter\Debug\Box2D.pdb'; vinculando objeto quando quando sem nenhuma informaþÒo de depuraþÒo
Box2D.lib(b2BlockAllocator.obj) : warning LNK4099: PDB 'Box2D.pdb' nÒo foi encontrado 'Box2D.lib(b2BlockAllocator.obj)' ou no 'D:\Projetos Jogos\MiniFruiter\MiniFruiter\Debug\Box2D.pdb'; vinculando objeto quando quando sem nenhuma informaþÒo de depuraþÒo
Box2D.lib(b2Draw.obj) : warning LNK4099: PDB 'Box2D.pdb' nÒo foi encontrado 'Box2D.lib(b2Draw.obj)' ou no 'D:\Projetos Jogos\MiniFruiter\MiniFruiter\Debug\Box2D.pdb'; vinculando objeto quando quando sem nenhuma informaþÒo de depuraþÒo
Box2D.lib(b2Math.obj) : warning LNK4099: PDB 'Box2D.pdb' nÒo foi encontrado 'Box2D.lib(b2Math.obj)' ou no 'D:\Projetos Jogos\MiniFruiter\MiniFruiter\Debug\Box2D.pdb'; vinculando objeto quando quando sem nenhuma informaþÒo de depuraþÒo
Box2D.lib(b2Settings.obj) : warning LNK4099: PDB 'Box2D.pdb' nÒo foi encontrado 'Box2D.lib(b2Settings.obj)' ou no 'D:\Projetos Jogos\MiniFruiter\MiniFruiter\Debug\Box2D.pdb'; vinculando objeto quando quando sem nenhuma informaþÒo de depuraþÒo
Box2D.lib(b2StackAllocator.obj) : warning LNK4099: PDB 'Box2D.pdb' nÒo foi encontrado 'Box2D.lib(b2StackAllocator.obj)' ou no 'D:\Projetos Jogos\MiniFruiter\MiniFruiter\Debug\Box2D.pdb'; vinculando objeto quando quando sem nenhuma informaþÒo de depuraþÒo
Box2D.lib(b2Timer.obj) : warning LNK4099: PDB 'Box2D.pdb' nÒo foi encontrado 'Box2D.lib(b2Timer.obj)' ou no 'D:\Projetos Jogos\MiniFruiter\MiniFruiter\Debug\Box2D.pdb'; vinculando objeto quando quando sem nenhuma informaþÒo de depuraþÒo
Box2D.lib(b2Body.obj) : warning LNK4099: PDB 'Box2D.pdb' nÒo foi encontrado 'Box2D.lib(b2Body.obj)' ou no 'D:\Projetos Jogos\MiniFruiter\MiniFruiter\Debug\Box2D.pdb'; vinculando objeto quando quando sem nenhuma informaþÒo de depuraþÒo
Box2D.lib(b2ContactManager.obj) : warning LNK4099: PDB 'Box2D.pdb' nÒo foi encontrado 'Box2D.lib(b2ContactManager.obj)' ou no 'D:\Projetos Jogos\MiniFruiter\MiniFruiter\Debug\Box2D.pdb'; vinculando objeto quando quando sem nenhuma informaþÒo de depuraþÒo
Box2D.lib(b2Fixture.obj) : warning LNK4099: PDB 'Box2D.pdb' nÒo foi encontrado 'Box2D.lib(b2Fixture.obj)' ou no 'D:\Projetos Jogos\MiniFruiter\MiniFruiter\Debug\Box2D.pdb'; vinculando objeto quando quando sem nenhuma informaþÒo de depuraþÒo
Box2D.lib(b2Island.obj) : warning LNK4099: PDB 'Box2D.pdb' nÒo foi encontrado 'Box2D.lib(b2Island.obj)' ou no 'D:\Projetos Jogos\MiniFruiter\MiniFruiter\Debug\Box2D.pdb'; vinculando objeto quando quando sem nenhuma informaþÒo de depuraþÒo
Box2D.lib(b2World.obj) : warning LNK4099: PDB 'Box2D.pdb' nÒo foi encontrado 'Box2D.lib(b2World.obj)' ou no 'D:\Projetos Jogos\MiniFruiter\MiniFruiter\Debug\Box2D.pdb'; vinculando objeto quando quando sem nenhuma informaþÒo de depuraþÒo
Box2D.lib(b2WorldCallbacks.obj) : warning LNK4099: PDB 'Box2D.pdb' nÒo foi encontrado 'Box2D.lib(b2WorldCallbacks.obj)' ou no 'D:\Projetos Jogos\MiniFruiter\MiniFruiter\Debug\Box2D.pdb'; vinculando objeto quando quando sem nenhuma informaþÒo de depuraþÒo
Box2D.lib(b2ChainAndCircleContact.obj) : warning LNK4099: PDB 'Box2D.pdb' nÒo foi encontrado 'Box2D.lib(b2ChainAndCircleContact.obj)' ou no 'D:\Projetos Jogos\MiniFruiter\MiniFruiter\Debug\Box2D.pdb'; vinculando objeto quando quando sem nenhuma informaþÒo de depuraþÒo
Box2D.lib(b2ChainAndPolygonContact.obj) : warning LNK4099: PDB 'Box2D.pdb' nÒo foi encontrado 'Box2D.lib(b2ChainAndPolygonContact.obj)' ou no 'D:\Projetos Jogos\MiniFruiter\MiniFruiter\Debug\Box2D.pdb'; vinculando objeto quando quando sem nenhuma informaþÒo de depuraþÒo
Box2D.lib(b2CircleContact.obj) : warning LNK4099: PDB 'Box2D.pdb' nÒo foi encontrado 'Box2D.lib(b2CircleContact.obj)' ou no 'D:\Projetos Jogos\MiniFruiter\MiniFruiter\Debug\Box2D.pdb'; vinculando objeto quando quando sem nenhuma informaþÒo de depuraþÒo
Box2D.lib(b2Contact.obj) : warning LNK4099: PDB 'Box2D.pdb' nÒo foi encontrado 'Box2D.lib(b2Contact.obj)' ou no 'D:\Projetos Jogos\MiniFruiter\MiniFruiter\Debug\Box2D.pdb'; vinculando objeto quando quando sem nenhuma informaþÒo de depuraþÒo
Box2D.lib(b2ContactSolver.obj) : warning LNK4099: PDB 'Box2D.pdb' nÒo foi encontrado 'Box2D.lib(b2ContactSolver.obj)' ou no 'D:\Projetos Jogos\MiniFruiter\MiniFruiter\Debug\Box2D.pdb'; vinculando objeto quando quando sem nenhuma informaþÒo de depuraþÒo
Box2D.lib(b2EdgeAndCircleContact.obj) : warning LNK4099: PDB 'Box2D.pdb' nÒo foi encontrado 'Box2D.lib(b2EdgeAndCircleContact.obj)' ou no 'D:\Projetos Jogos\MiniFruiter\MiniFruiter\Debug\Box2D.pdb'; vinculando objeto quando quando sem nenhuma informaþÒo de depuraþÒo
Box2D.lib(b2EdgeAndPolygonContact.obj) : warning LNK4099: PDB 'Box2D.pdb' nÒo foi encontrado 'Box2D.lib(b2EdgeAndPolygonContact.obj)' ou no 'D:\Projetos Jogos\MiniFruiter\MiniFruiter\Debug\Box2D.pdb'; vinculando objeto quando quando sem nenhuma informaþÒo de depuraþÒo
Box2D.lib(b2PolygonAndCircleContact.obj) : warning LNK4099: PDB 'Box2D.pdb' nÒo foi encontrado 'Box2D.lib(b2PolygonAndCircleContact.obj)' ou no 'D:\Projetos Jogos\MiniFruiter\MiniFruiter\Debug\Box2D.pdb'; vinculando objeto quando quando sem nenhuma informaþÒo de depuraþÒo
Box2D.lib(b2PolygonContact.obj) : warning LNK4099: PDB 'Box2D.pdb' nÒo foi encontrado 'Box2D.lib(b2PolygonContact.obj)' ou no 'D:\Projetos Jogos\MiniFruiter\MiniFruiter\Debug\Box2D.pdb'; vinculando objeto quando quando sem nenhuma informaþÒo de depuraþÒo
Box2D.lib(b2DistanceJoint.obj) : warning LNK4099: PDB 'Box2D.pdb' nÒo foi encontrado 'Box2D.lib(b2DistanceJoint.obj)' ou no 'D:\Projetos Jogos\MiniFruiter\MiniFruiter\Debug\Box2D.pdb'; vinculando objeto quando quando sem nenhuma informaþÒo de depuraþÒo
Box2D.lib(b2FrictionJoint.obj) : warning LNK4099: PDB 'Box2D.pdb' nÒo foi encontrado 'Box2D.lib(b2FrictionJoint.obj)' ou no 'D:\Projetos Jogos\MiniFruiter\MiniFruiter\Debug\Box2D.pdb'; vinculando objeto quando quando sem nenhuma informaþÒo de depuraþÒo
Box2D.lib(b2GearJoint.obj) : warning LNK4099: PDB 'Box2D.pdb' nÒo foi encontrado 'Box2D.lib(b2GearJoint.obj)' ou no 'D:\Projetos Jogos\MiniFruiter\MiniFruiter\Debug\Box2D.pdb'; vinculando objeto quando quando sem nenhuma informaþÒo de depuraþÒo
Box2D.lib(b2Joint.obj) : warning LNK4099: PDB 'Box2D.pdb' nÒo foi encontrado 'Box2D.lib(b2Joint.obj)' ou no 'D:\Projetos Jogos\MiniFruiter\MiniFruiter\Debug\Box2D.pdb'; vinculando objeto quando quando sem nenhuma informaþÒo de depuraþÒo
Box2D.lib(b2MotorJoint.obj) : warning LNK4099: PDB 'Box2D.pdb' nÒo foi encontrado 'Box2D.lib(b2MotorJoint.obj)' ou no 'D:\Projetos Jogos\MiniFruiter\MiniFruiter\Debug\Box2D.pdb'; vinculando objeto quando quando sem nenhuma informaþÒo de depuraþÒo
Box2D.lib(b2MouseJoint.obj) : warning LNK4099: PDB 'Box2D.pdb' nÒo foi encontrado 'Box2D.lib(b2MouseJoint.obj)' ou no 'D:\Projetos Jogos\MiniFruiter\MiniFruiter\Debug\Box2D.pdb'; vinculando objeto quando quando sem nenhuma informaþÒo de depuraþÒo
Box2D.lib(b2PrismaticJoint.obj) : warning LNK4099: PDB 'Box2D.pdb' nÒo foi encontrado 'Box2D.lib(b2PrismaticJoint.obj)' ou no 'D:\Projetos Jogos\MiniFruiter\MiniFruiter\Debug\Box2D.pdb'; vinculando objeto quando quando sem nenhuma informaþÒo de depuraþÒo
Box2D.lib(b2PulleyJoint.obj) : warning LNK4099: PDB 'Box2D.pdb' nÒo foi encontrado 'Box2D.lib(b2PulleyJoint.obj)' ou no 'D:\Projetos Jogos\MiniFruiter\MiniFruiter\Debug\Box2D.pdb'; vinculando objeto quando quando sem nenhuma informaþÒo de depuraþÒo
Box2D.lib(b2RevoluteJoint.obj) : warning LNK4099: PDB 'Box2D.pdb' nÒo foi encontrado 'Box2D.lib(b2RevoluteJoint.obj)' ou no 'D:\Projetos Jogos\MiniFruiter\MiniFruiter\Debug\Box2D.pdb'; vinculando objeto quando quando sem nenhuma informaþÒo de depuraþÒo
Box2D.lib(b2RopeJoint.obj) : warning LNK4099: PDB 'Box2D.pdb' nÒo foi encontrado 'Box2D.lib(b2RopeJoint.obj)' ou no 'D:\Projetos Jogos\MiniFruiter\MiniFruiter\Debug\Box2D.pdb'; vinculando objeto quando quando sem nenhuma informaþÒo de depuraþÒo
Box2D.lib(b2WeldJoint.obj) : warning LNK4099: PDB 'Box2D.pdb' nÒo foi encontrado 'Box2D.lib(b2WeldJoint.obj)' ou no 'D:\Projetos Jogos\MiniFruiter\MiniFruiter\Debug\Box2D.pdb'; vinculando objeto quando quando sem nenhuma informaþÒo de depuraþÒo
Box2D.lib(b2WheelJoint.obj) : warning LNK4099: PDB 'Box2D.pdb' nÒo foi encontrado 'Box2D.lib(b2WheelJoint.obj)' ou no 'D:\Projetos Jogos\MiniFruiter\MiniFruiter\Debug\Box2D.pdb'; vinculando objeto quando quando sem nenhuma informaþÒo de depuraþÒo
  MiniFruiter.vcxproj -> D:\Projetos Jogos\MiniFruiter\MiniFruiter\Debug\MiniFruiter.exe
